[inveet.id/themes/preview/sparkling-flowers.html]
[backblue.gif]
[fade.gif]
[index.html]
[cdn.jsdelivr.net/npm/bootstrap@4.5.3/dist/css/bootstrap.min.css]
[unpkg.com/aos@2.3.1/dist/aos.css]
[cdnjs.cloudflare.com/ajax/libs/justifiedGallery/3.8.1/css/justifiedGallery.min.css]
[cdnjs.cloudflare.com/ajax/libs/lightgallery/2.2.1/css/lightgallery.min.css]
[cdnjs.cloudflare.com/ajax/libs/lightgallery/2.2.1/css/lg-zoom.min.css]
[cdnjs.cloudflare.com/ajax/libs/lightgallery/2.2.1/css/lg-thumbnail.min.css]
[cdnjs.cloudflare.com/ajax/libs/lightgallery/2.2.1/css/lg-autoplay.min.css]
[inveet.s3.ap-southeast-1.amazonaws.com/wedding/166029250162f60d95b0da5-F8b6jwx2HMQToJH.jpg]
[inveet.s3.ap-southeast-1.amazonaws.com/wedding/166029248362f60d83b67cc-2AjDcuHIFlwxXVO.jpg]
[inveet.s3.ap-southeast-1.amazonaws.com/wedding/166029248362f60d83a1ce1-EABJpp4bSlSN12D.jpg]
[inveet.s3.ap-southeast-1.amazonaws.com/popup/163923288861b4b5788785c-qj3Aw3zg7VMI4A5.jpg]
[www.google.com/maps/embed/v1/place74e0.html]
[cdn.jsdelivr.net/npm/bootstrap@4.5.3/dist/js/bootstrap.min.js]
[zoom.us/index.html]
[cdn.jsdelivr.net/npm/particles.js@2.0.0/particles.min.js]
[unpkg.com/aos@2.3.1/dist/aos.js]
[www.google.com/maps/dir/indexb789.html]
[cdnjs.cloudflare.com/ajax/libs/clipboard.js/2.0.8/clipboard.min.js]
[cdnjs.cloudflare.com/ajax/libs/justifiedGallery/3.8.1/js/jquery.justifiedGallery.min.js]
[cdnjs.cloudflare.com/ajax/libs/lightgallery/2.2.1/lightgallery.min.js]
[cdnjs.cloudflare.com/ajax/libs/lightgallery/2.2.1/plugins/zoom/lg-zoom.min.js]
[cdnjs.cloudflare.com/ajax/libs/lightgallery/2.2.1/plugins/thumbnail/lg-thumbnail.min.js]
[cdnjs.cloudflare.com/ajax/libs/lightgallery/2.2.1/plugins/autoplay/lg-autoplay.min.js]
[inveet.s3.ap-southeast-1.amazonaws.com/music/16185264486078c0f03f02e-WSqY7bqgCRqwTOw.mp3]
[cdnjs.cloudflare.com/ajax/libs/plyr/3.7.2/plyr.min.css]
[inveet.id/themes/preview/sparkling-flowers.html]
[inveet-assets.s3.ap-southeast-1.amazonaws.com/wedding/166029250162f60d95b0da5-F8b6jwx2HMQToJH.jpg]
[cdn.jsdelivr.net/npm/bootstrap@4.5.3/dist/css/bootstrap.min.css]
[unpkg.com/aos@2.3.1/dist/aos.css]
[cdnjs.cloudflare.com/ajax/libs/plyr/3.7.2/plyr.min.js]
[fonts.gstatic.com/index.html]
[fonts.googleapis.com/css2ace9.css]
[fonts.googleapis.com/css25804.css]
[cdnjs.cloudflare.com/ajax/libs/justifiedGallery/3.8.1/css/justifiedGallery.min.css]
[fonts.gstatic.com/s/pacifico/v22/FwZY7-Qmy14u9lezJ96A.ttf]
[fonts.gstatic.com/s/parisienne/v13/E21i_d3kivvAkxhLEVZpcy8.ttf]
[cdnjs.cloudflare.com/ajax/libs/lightgallery/2.2.1/fonts/lgb687.woff2]
[cdnjs.cloudflare.com/ajax/libs/lightgallery/2.2.1/fonts/lgb687.ttf]
[cdnjs.cloudflare.com/ajax/libs/lightgallery/2.2.1/fonts/lgb687.woff]
[cdnjs.cloudflare.com/ajax/libs/lightgallery/2.2.1/fonts/lgb687.svg]
[cdnjs.cloudflare.com/ajax/libs/lightgallery/2.2.1/images/loading.gif]
[cdnjs.cloudflare.com/ajax/libs/lightgallery/2.2.1/css/lightgallery.min.css]
[cdnjs.cloudflare.com/ajax/libs/lightgallery/2.2.1/css/lg-zoom.min.css]
[cdnjs.cloudflare.com/ajax/libs/lightgallery/2.2.1/css/lg-thumbnail.min.css]
[cdnjs.cloudflare.com/ajax/libs/lightgallery/2.2.1/css/lg-autoplay.min.css]
[www.google.com/maps/embed/v1/place74e0.html]
[www.google.com/maps/dir/indexb789.html]
[www.google.com/maps/dir/GET.html]
[www.google.com/maps/dir/chrome-extension_/index.html]
[zoom.us/csrf_js]
[zoom.us/join.html]
[zoom.us/signin.html]
[zoom.us/download.html]
[zoom.us/pricing.html]
[zoom.us/signup.html]
[zoom.us/test.html]
[zoom.us/feed.html]
[zoom.us/POST]
[zoom.us/index.html]
[cdnjs.cloudflare.com/ajax/libs/plyr/3.7.2/plyr.min.css]
[cdnjs.cloudflare.com/ajax/libs/lightgallery/2.2.1/fonts/lgb687.svg]
[www.google.com/maps/dir/chrome-extension_/index.html]
[www.google.com/maps/dir/GET.html]
[zoom.us/join.html]
[www.google.com/maps/dir/chrome-extension_/GET.html]
[www.google.com/maps/dir/chrome-extension_/chrome-extension_/index.html]
[zoom.us/assets/zm_bundle0fea.js]
[zoom.us/assets/zm_bundle0df9.js]
[zoom.us/signin.html]
[zoom.us/download.html]
[zoom.us/es/pricing.html]
[zoom.us/de/pricing.html]
[zoom.us/zh-cn/pricing.html]
[zoom.us/zh-tw/pricing.html]
[zoom.us/fr/pricing.html]
[zoom.us/pt/pricing.html]
[zoom.us/ja/pricing.html]
[zoom.us/ru/pricing.html]
[zoom.us/ko/pricing.html]
[zoom.us/it/pricing.html]
[zoom.us/vi/pricing.html]
[zoom.us/pl/pricing.html]
[zoom.us/tr/pricing.html]
[zoom.us/id/pricing.html]
[zoom.us/nl/pricing.html]
[zoom.us/pricing.html]
[zoom.us/signup.html]
[zoom.us/test.html]
[zoom.us/feed.html]
[zoom.us/POST.html]
[www.google.com/maps/dir/chrome-extension_/chrome-extension_/index.html]
[www.google.com/maps/dir/chrome-extension_/GET.html]
[www.google.com/maps/dir/chrome-extension_/chrome-extension_/chrome-extension_/index.html]
[www.google.com/maps/dir/chrome-extension_/chrome-extension_/GET.html]
[zoom.us/es/pricing.html]
[zoom.us/de/pricing.html]
[zoom.us/zh-cn/pricing.html]
[zoom.us/zh-tw/pricing.html]
[zoom.us/fr/pricing.html]
[zoom.us/pt/pricing.html]
[zoom.us/ja/pricing.html]
[zoom.us/ru/pricing.html]
[zoom.us/ko/pricing.html]
[zoom.us/it/pricing.html]
[zoom.us/vi/pricing.html]
[zoom.us/pl/pricing.html]
[zoom.us/tr/pricing.html]
[zoom.us/id/pricing.html]
[zoom.us/nl/pricing.html]
[www.google.com/maps/dir/chrome-extension_/chrome-extension_/chrome-extension_/index.html]
[www.google.com/maps/dir/chrome-extension_/chrome-extension_/GET.html]
[fonts.gstatic.com/s/roboto/v18/KFOlCnqEu92Fr1MmSU5fChc9.ttf]
[fonts.gstatic.com/s/roboto/v18/KFOmCnqEu92Fr1Mu7GxP.ttf]
[fonts.gstatic.com/s/roboto/v18/KFOlCnqEu92Fr1MmEU9fChc9.ttf]
[fonts.gstatic.com/s/roboto/v18/KFOlCnqEu92Fr1MmWUlfChc9.ttf]
[fonts.gstatic.com/s/productsans/v9/pxiDypQkot1TnFhsFMOfGShVF9eL.ttf]
[fonts.gstatic.com/s/googlesans/v14/4UaGrENHsxJlGDuGo1OIlL3Owps.ttf]
[fonts.gstatic.com/s/googlesans/v14/4UabrENHsxJlGDuGo1OIlLU94YtzCwM.ttf]
[fonts.gstatic.com/s/googlesansdisplay/v13/ea8FacM9Wef3EJPWRrHjgE4B6CnlZxHVDv79pA.ttf]
[www.google.com/maps/dir/chrome-extension_/chrome-extension_/chrome-extension_/chrome-extension_/index.html]
[www.google.com/maps/dir/chrome-extension_/chrome-extension_/chrome-extension_/GET.html]
[www.google.com/maps/dir/chrome-extension_/chrome-extension_/chrome-extension_/chrome-extension_/index.html]
[www.google.com/maps/dir/chrome-extension_/chrome-extension_/chrome-extension_/GET.html]
[www.google.com/maps/dir/chrome-extension_/chrome-extension_/chrome-extension_/chrome-extension_/chrome-extension_/index.html]
[www.google.com/maps/dir/chrome-extension_/chrome-extension_/chrome-extension_/chrome-extension_/GET.html]
[www.google.com/maps/dir/chrome-extension_/chrome-extension_/chrome-extension_/chrome-extension_/chrome-extension_/index.html]
[www.google.com/maps/dir/chrome-extension_/chrome-extension_/chrome-extension_/chrome-extension_/GET.html]
[www.google.com/maps/dir/chrome-extension_/chrome-extension_/chrome-extension_/chrome-extension_/chrome-extension_/chrome-extension_/index.html]
[www.google.com/maps/dir/chrome-extension_/chrome-extension_/chrome-extension_/chrome-extension_/chrome-extension_/GET.html]
[www.google.com/maps/dir/chrome-extension_/chrome-extension_/chrome-extension_/chrome-extension_/chrome-extension_/chrome-extension_/index.html]
[www.google.com/maps/dir/chrome-extension_/chrome-extension_/chrome-extension_/chrome-extension_/chrome-extension_/GET.html]
[www.google.com/maps/dir/chrome-extension_/chrome-extension_/chrome-extension_/chrome-extension_/chrome-extension_/chrome-extension_/chrome-extension_/index.html]
[www.google.com/maps/dir/chrome-extension_/chrome-extension_/chrome-extension_/chrome-extension_/chrome-extension_/chrome-extension_/GET.html]
[www.google.com/maps/dir/chrome-extension_/chrome-extension_/chrome-extension_/chrome-extension_/chrome-extension_/chrome-extension_/chrome-extension_/index.html]
[www.google.com/maps/dir/chrome-extension_/chrome-extension_/chrome-extension_/chrome-extension_/chrome-extension_/chrome-extension_/GET.html]
[www.google.com/maps/dir/chrome-extension_/chrome-extension_/chrome-extension_/chrome-extension_/chrome-extension_/chrome-extension_/chrome-extension_/chrome-extension_/index.html]
[www.google.com/maps/dir/chrome-extension_/chrome-extension_/chrome-extension_/chrome-extension_/chrome-extension_/chrome-extension_/chrome-extension_/GET.html]
[www.google.com/maps/dir/chrome-extension_/chrome-extension_/chrome-extension_/chrome-extension_/chrome-extension_/chrome-extension_/chrome-extension_/chrome-extension_/index.html]
[www.google.com/maps/dir/chrome-extension_/chrome-extension_/chrome-extension_/chrome-extension_/chrome-extension_/chrome-extension_/chrome-extension_/GET.html]
[www.google.com/maps/dir/chrome-extension_/chrome-extension_/chrome-extension_/chrome-extension_/chrome-extension_/chrome-extension_/chrome-extension_/chrome-extension_/GET.html]
[www.google.com/maps/dir/chrome-extension_/chrome-extension_/chrome-extension_/chrome-extension_/chrome-extension_/chrome-extension_/chrome-extension_/chrome-extension_/chrome-extension_/index.html]
[www.google.com/maps/dir/chrome-extension_/chrome-extension_/chrome-extension_/chrome-extension_/chrome-extension_/chrome-extension_/chrome-extension_/chrome-extension_/chrome-extension_/index.html]
[www.google.com/maps/dir/chrome-extension_/chrome-extension_/chrome-extension_/chrome-extension_/chrome-extension_/chrome-extension_/chrome-extension_/chrome-extension_/GET.html]
[www.google.com/maps/dir/chrome-extension_/chrome-extension_/chrome-extension_/chrome-extension_/chrome-extension_/chrome-extension_/chrome-extension_/chrome-extension_/chrome-extension_/index-2.html]
[www.google.com/maps/dir/chrome-extension_/chrome-extension_/chrome-extension_/chrome-extension_/chrome-extension_/chrome-extension_/chrome-extension_/chrome-extension_/chrome-extension_/index-2.html]
[www.google.com/maps/dir/chrome-extension_/chrome-extension_/chrome-extension_/chrome-extension_/chrome-extension_/chrome-extension_/chrome-extension_/chrome-extension_/chrome-extensio/GET.ed.delaye]
[www.google.com/maps/dir/chrome-extension_/chrome-extension_/chrome-extension_/chrome-extension_/chrome-extension_/chrome-extension_/chrome-extension_/chrome-extension_/chrome-extension_/index-3.html]
[www.google.com/maps/dir/chrome-extension_/chrome-extension_/chrome-extension_/chrome-extension_/chrome-extension_/chrome-extension_/chrome-extension_/chrome-extension_/chrome-extensio/GET.ec.delaye]
[www.google.com/maps/dir/chrome-extension_/chrome-extension_/chrome-extension_/chrome-extension_/chrome-extension_/chrome-extension_/chrome-extension_/chrome-extension_/chrome-extensio/GET.ec.delaye]
[www.google.com/maps/dir/chrome-extension_/chrome-extension_/chrome-extension_/chrome-extension_/chrome-extension_/chrome-extension_/chrome-extension_/chrome-extension_/chrome-extension_/index-3.html]
[www.google.com/maps/dir/chrome-extension_/chrome-extension_/chrome-extension_/chrome-extension_/chrome-extension_/chrome-extension_/chrome-extension_/chrome-extension_/chrome-extensio/GET.ed.delaye]
[www.google.com/maps/dir/chrome-extension_/chrome-extension_/chrome-extension_/chrome-extension_/chrome-extension_/chrome-extension_/chrome-extension_/chrome-extension_/chrome-extensio/GET.ee.delaye]
[www.google.com/maps/dir/chrome-extension_/chrome-extension_/chrome-extension_/chrome-extension_/chrome-extension_/chrome-extension_/chrome-extension_/chrome-extension_/chrome-extension_/index-4.html]
[www.google.com/maps/dir/chrome-extension_/chrome-extension_/chrome-extension_/chrome-extension_/chrome-extension_/chrome-extension_/chrome-extension_/chrome-extension_/chrome-extension_/index-4.html]
[www.google.com/maps/dir/chrome-extension_/chrome-extension_/chrome-extension_/chrome-extension_/chrome-extension_/chrome-extension_/chrome-extension_/chrome-extension_/chrome-extensio/GET.ee.delaye]
[www.google.com/maps/dir/chrome-extension_/chrome-extension_/chrome-extension_/chrome-extension_/chrome-extension_/chrome-extension_/chrome-extension_/chrome-extension_/chrome-extension_/index-5.html]
[www.google.com/maps/dir/chrome-extension_/chrome-extension_/chrome-extension_/chrome-extension_/chrome-extension_/chrome-extension_/chrome-extension_/chrome-extension_/chrome-extension_/index-5.html]
[www.google.com/maps/dir/chrome-extension_/chrome-extension_/chrome-extension_/chrome-extension_/chrome-extension_/chrome-extension_/chrome-extension_/chrome-extension_/chrome-extensio/GET.ef.delaye]
[www.google.com/maps/dir/chrome-extension_/chrome-extension_/chrome-extension_/chrome-extension_/chrome-extension_/chrome-extension_/chrome-extension_/chrome-extension_/chrome-extensio/GET.ef.delaye]
[www.google.com/maps/dir/chrome-extension_/chrome-extension_/chrome-extension_/chrome-extension_/chrome-extension_/chrome-extension_/chrome-extension_/chrome-extension_/chrome-extensio/GET.f0.delaye]
[www.google.com/maps/dir/chrome-extension_/chrome-extension_/chrome-extension_/chrome-extension_/chrome-extension_/chrome-extension_/chrome-extension_/chrome-extension_/chrome-extension_/index-6.html]
[www.google.com/maps/dir/chrome-extension_/chrome-extension_/chrome-extension_/chrome-extension_/chrome-extension_/chrome-extension_/chrome-extension_/chrome-extension_/chrome-extension_/index-6.html]
[www.google.com/maps/dir/chrome-extension_/chrome-extension_/chrome-extension_/chrome-extension_/chrome-extension_/chrome-extension_/chrome-extension_/chrome-extension_/chrome-extensio/GET.f0.delaye]
[www.google.com/maps/dir/chrome-extension_/chrome-extension_/chrome-extension_/chrome-extension_/chrome-extension_/chrome-extension_/chrome-extension_/chrome-extension_/chrome-extensio/GET.f1.delaye]
[www.google.com/maps/dir/chrome-extension_/chrome-extension_/chrome-extension_/chrome-extension_/chrome-extension_/chrome-extension_/chrome-extension_/chrome-extension_/chrome-extension_/index-7.html]
[www.google.com/maps/dir/chrome-extension_/chrome-extension_/chrome-extension_/chrome-extension_/chrome-extension_/chrome-extension_/chrome-extension_/chrome-extension_/chrome-extension_/index-7.html]
[www.google.com/maps/dir/chrome-extension_/chrome-extension_/chrome-extension_/chrome-extension_/chrome-extension_/chrome-extension_/chrome-extension_/chrome-extension_/chrome-extensio/GET.f1.delaye]
[www.google.com/maps/dir/chrome-extension_/chrome-extension_/chrome-extension_/chrome-extension_/chrome-extension_/chrome-extension_/chrome-extension_/chrome-extension_/chrome-extension_/index-8.html]
[www.google.com/maps/dir/chrome-extension_/chrome-extension_/chrome-extension_/chrome-extension_/chrome-extension_/chrome-extension_/chrome-extension_/chrome-extension_/chrome-extension_/index-8.html]
[www.google.com/maps/dir/chrome-extension_/chrome-extension_/chrome-extension_/chrome-extension_/chrome-extension_/chrome-extension_/chrome-extension_/chrome-extension_/chrome-extensio/GET.f2.delaye]
[www.google.com/maps/dir/chrome-extension_/chrome-extension_/chrome-extension_/chrome-extension_/chrome-extension_/chrome-extension_/chrome-extension_/chrome-extension_/chrome-extensio/GET.f2.delaye]
[www.google.com/maps/dir/chrome-extension_/chrome-extension_/chrome-extension_/chrome-extension_/chrome-extension_/chrome-extension_/chrome-extension_/chrome-extension_/chrome-extension_/index-9.html]
[www.google.com/maps/dir/chrome-extension_/chrome-extension_/chrome-extension_/chrome-extension_/chrome-extension_/chrome-extension_/chrome-extension_/chrome-extension_/chrome-extension_/index-9.html]
[www.google.com/maps/dir/chrome-extension_/chrome-extension_/chrome-extension_/chrome-extension_/chrome-extension_/chrome-extension_/chrome-extension_/chrome-extension_/chrome-extensio/GET.f3.delaye]
[www.google.com/maps/dir/chrome-extension_/chrome-extension_/chrome-extension_/chrome-extension_/chrome-extension_/chrome-extension_/chrome-extension_/chrome-extension_/chrome-extensio/GET.f3.delaye]
[www.google.com/maps/dir/chrome-extension_/chrome-extension_/chrome-extension_/chrome-extension_/chrome-extension_/chrome-extension_/chrome-extension_/chrome-extension_/chrome-extension_/index-10.html]
[www.google.com/maps/dir/chrome-extension_/chrome-extension_/chrome-extension_/chrome-extension_/chrome-extension_/chrome-extension_/chrome-extension_/chrome-extension_/chrome-extension_/index-10.html]
[www.google.com/maps/dir/chrome-extension_/chrome-extension_/chrome-extension_/chrome-extension_/chrome-extension_/chrome-extension_/chrome-extension_/chrome-extension_/chrome-extensio/GET.f4.delaye]
[www.google.com/maps/dir/chrome-extension_/chrome-extension_/chrome-extension_/chrome-extension_/chrome-extension_/chrome-extension_/chrome-extension_/chrome-extension_/chrome-extensio/GET.f4.delaye]
[www.google.com/maps/dir/chrome-extension_/chrome-extension_/chrome-extension_/chrome-extension_/chrome-extension_/chrome-extension_/chrome-extension_/chrome-extension_/chrome-extension_/index-11.html]
[www.google.com/maps/dir/chrome-extension_/chrome-extension_/chrome-extension_/chrome-extension_/chrome-extension_/chrome-extension_/chrome-extension_/chrome-extension_/chrome-extension_/index-11.html]
[www.google.com/maps/dir/chrome-extension_/chrome-extension_/chrome-extension_/chrome-extension_/chrome-extension_/chrome-extension_/chrome-extension_/chrome-extension_/chrome-extensio/GET.f5.delaye]
[www.google.com/maps/dir/chrome-extension_/chrome-extension_/chrome-extension_/chrome-extension_/chrome-extension_/chrome-extension_/chrome-extension_/chrome-extension_/chrome-extensio/GET.f5.delaye]
[www.google.com/maps/dir/chrome-extension_/chrome-extension_/chrome-extension_/chrome-extension_/chrome-extension_/chrome-extension_/chrome-extension_/chrome-extension_/chrome-extension_/index-12.html]
[www.google.com/maps/dir/chrome-extension_/chrome-extension_/chrome-extension_/chrome-extension_/chrome-extension_/chrome-extension_/chrome-extension_/chrome-extension_/chrome-extension_/index-12.html]
[www.google.com/maps/dir/chrome-extension_/chrome-extension_/chrome-extension_/chrome-extension_/chrome-extension_/chrome-extension_/chrome-extension_/chrome-extension_/chrome-extension_/index-13.html]
[www.google.com/maps/dir/chrome-extension_/chrome-extension_/chrome-extension_/chrome-extension_/chrome-extension_/chrome-extension_/chrome-extension_/chrome-extension_/chrome-extensio/GET.f6.delaye]
[www.google.com/maps/dir/chrome-extension_/chrome-extension_/chrome-extension_/chrome-extension_/chrome-extension_/chrome-extension_/chrome-extension_/chrome-extension_/chrome-extensio/GET.f6.delaye]
[www.google.com/maps/dir/chrome-extension_/chrome-extension_/chrome-extension_/chrome-extension_/chrome-extension_/chrome-extension_/chrome-extension_/chrome-extension_/chrome-extension_/index-13.html]
[www.google.com/maps/dir/chrome-extension_/chrome-extension_/chrome-extension_/chrome-extension_/chrome-extension_/chrome-extension_/chrome-extension_/chrome-extension_/chrome-extension_/index-14.html]
[www.google.com/maps/dir/chrome-extension_/chrome-extension_/chrome-extension_/chrome-extension_/chrome-extension_/chrome-extension_/chrome-extension_/chrome-extension_/chrome-extensio/GET.f7.delaye]
[www.google.com/maps/dir/chrome-extension_/chrome-extension_/chrome-extension_/chrome-extension_/chrome-extension_/chrome-extension_/chrome-extension_/chrome-extension_/chrome-extensio/GET.f7.delaye]
[www.google.com/maps/dir/chrome-extension_/chrome-extension_/chrome-extension_/chrome-extension_/chrome-extension_/chrome-extension_/chrome-extension_/chrome-extension_/chrome-extension_/index-14.html]
[www.google.com/maps/dir/chrome-extension_/chrome-extension_/chrome-extension_/chrome-extension_/chrome-extension_/chrome-extension_/chrome-extension_/chrome-extension_/chrome-extensio/GET.f9.delaye]
[www.google.com/maps/dir/chrome-extension_/chrome-extension_/chrome-extension_/chrome-extension_/chrome-extension_/chrome-extension_/chrome-extension_/chrome-extension_/chrome-extensio/GET.f8.delaye]
[www.google.com/maps/dir/chrome-extension_/chrome-extension_/chrome-extension_/chrome-extension_/chrome-extension_/chrome-extension_/chrome-extension_/chrome-extension_/chrome-extensio/GET.f8.delaye]
[www.google.com/maps/dir/chrome-extension_/chrome-extension_/chrome-extension_/chrome-extension_/chrome-extension_/chrome-extension_/chrome-extension_/chrome-extension_/chrome-extension_/index-15.html]
[www.google.com/maps/dir/chrome-extension_/chrome-extension_/chrome-extension_/chrome-extension_/chrome-extension_/chrome-extension_/chrome-extension_/chrome-extension_/chrome-extension_/index-15.html]
[www.google.com/maps/dir/chrome-extension_/chrome-extension_/chrome-extension_/chrome-extension_/chrome-extension_/chrome-extension_/chrome-extension_/chrome-extension_/chrome-extensio/GET.f9.delaye]
[www.google.com/maps/dir/chrome-extension_/chrome-extension_/chrome-extension_/chrome-extension_/chrome-extension_/chrome-extension_/chrome-extension_/chrome-extension_/chrome-extension_/index-16.html]
[www.google.com/maps/dir/chrome-extension_/chrome-extension_/chrome-extension_/chrome-extension_/chrome-extension_/chrome-extension_/chrome-extension_/chrome-extension_/chrome-extensio/GET.fa.delaye]
[www.google.com/maps/dir/chrome-extension_/chrome-extension_/chrome-extension_/chrome-extension_/chrome-extension_/chrome-extension_/chrome-extension_/chrome-extension_/chrome-extension_/index-16.html]
[www.google.com/maps/dir/chrome-extension_/chrome-extension_/chrome-extension_/chrome-extension_/chrome-extension_/chrome-extension_/chrome-extension_/chrome-extension_/chrome-extensio/GET.fa.delaye]
[www.google.com/maps/dir/chrome-extension_/chrome-extension_/chrome-extension_/chrome-extension_/chrome-extension_/chrome-extension_/chrome-extension_/chrome-extension_/chrome-extensio/GET.fb.delaye]
[www.google.com/maps/dir/chrome-extension_/chrome-extension_/chrome-extension_/chrome-extension_/chrome-extension_/chrome-extension_/chrome-extension_/chrome-extension_/chrome-extension_/index-17.html]
[www.google.com/maps/dir/chrome-extension_/chrome-extension_/chrome-extension_/chrome-extension_/chrome-extension_/chrome-extension_/chrome-extension_/chrome-extension_/chrome-extension_/index-17.html]
[www.google.com/maps/dir/chrome-extension_/chrome-extension_/chrome-extension_/chrome-extension_/chrome-extension_/chrome-extension_/chrome-extension_/chrome-extension_/chrome-extensio/GET.fb.delaye]
[www.google.com/maps/dir/chrome-extension_/chrome-extension_/chrome-extension_/chrome-extension_/chrome-extension_/chrome-extension_/chrome-extension_/chrome-extension_/chrome-extension_/index-18.html]
[www.google.com/maps/dir/chrome-extension_/chrome-extension_/chrome-extension_/chrome-extension_/chrome-extension_/chrome-extension_/chrome-extension_/chrome-extension_/chrome-extension_/index-18.html]
[www.google.com/maps/dir/chrome-extension_/chrome-extension_/chrome-extension_/chrome-extension_/chrome-extension_/chrome-extension_/chrome-extension_/chrome-extension_/chrome-extensio/GET.fc.delaye]
[www.google.com/maps/dir/chrome-extension_/chrome-extension_/chrome-extension_/chrome-extension_/chrome-extension_/chrome-extension_/chrome-extension_/chrome-extension_/chrome-extensio/GET.fc.delaye]
[www.google.com/maps/dir/chrome-extension_/chrome-extension_/chrome-extension_/chrome-extension_/chrome-extension_/chrome-extension_/chrome-extension_/chrome-extension_/chrome-extension_/index-19.html]
[www.google.com/maps/dir/chrome-extension_/chrome-extension_/chrome-extension_/chrome-extension_/chrome-extension_/chrome-extension_/chrome-extension_/chrome-extension_/chrome-extension_/index-19.html]
[www.google.com/maps/dir/chrome-extension_/chrome-extension_/chrome-extension_/chrome-extension_/chrome-extension_/chrome-extension_/chrome-extension_/chrome-extension_/chrome-extensio/GET.fd.delaye]
[www.google.com/maps/dir/chrome-extension_/chrome-extension_/chrome-extension_/chrome-extension_/chrome-extension_/chrome-extension_/chrome-extension_/chrome-extension_/chrome-extensio/GET.fd.delaye]
[www.google.com/maps/dir/chrome-extension_/chrome-extension_/chrome-extension_/chrome-extension_/chrome-extension_/chrome-extension_/chrome-extension_/chrome-extension_/chrome-extension_/index-20.html]
[www.google.com/maps/dir/chrome-extension_/chrome-extension_/chrome-extension_/chrome-extension_/chrome-extension_/chrome-extension_/chrome-extension_/chrome-extension_/chrome-extension_/index-20.html]
[www.google.com/maps/dir/chrome-extension_/chrome-extension_/chrome-extension_/chrome-extension_/chrome-extension_/chrome-extension_/chrome-extension_/chrome-extension_/chrome-extensio/GET.fe.delaye]
[www.google.com/maps/dir/chrome-extension_/chrome-extension_/chrome-extension_/chrome-extension_/chrome-extension_/chrome-extension_/chrome-extension_/chrome-extension_/chrome-extensio/GET.fe.delaye]
[www.google.com/maps/dir/chrome-extension_/chrome-extension_/chrome-extension_/chrome-extension_/chrome-extension_/chrome-extension_/chrome-extension_/chrome-extension_/chrome-extensio/GET.ff.delaye]
[www.google.com/maps/dir/chrome-extension_/chrome-extension_/chrome-extension_/chrome-extension_/chrome-extension_/chrome-extension_/chrome-extension_/chrome-extension_/chrome-extension_/index-21.html]
[www.google.com/maps/dir/chrome-extension_/chrome-extension_/chrome-extension_/chrome-extension_/chrome-extension_/chrome-extension_/chrome-extension_/chrome-extension_/chrome-extension_/index-21.html]
[www.google.com/maps/dir/chrome-extension_/chrome-extension_/chrome-extension_/chrome-extension_/chrome-extension_/chrome-extension_/chrome-extension_/chrome-extension_/chrome-extensio/GET.ff.delaye]
[www.google.com/maps/dir/chrome-extension_/chrome-extension_/chrome-extension_/chrome-extension_/chrome-extension_/chrome-extension_/chrome-extension_/chrome-extension_/chrome-extensi/GET.100.delaye]
[www.google.com/maps/dir/chrome-extension_/chrome-extension_/chrome-extension_/chrome-extension_/chrome-extension_/chrome-extension_/chrome-extension_/chrome-extension_/chrome-extension_/index-22.html]
[www.google.com/maps/dir/chrome-extension_/chrome-extension_/chrome-extension_/chrome-extension_/chrome-extension_/chrome-extension_/chrome-extension_/chrome-extension_/chrome-extension_/index-22.html]
[www.google.com/maps/dir/chrome-extension_/chrome-extension_/chrome-extension_/chrome-extension_/chrome-extension_/chrome-extension_/chrome-extension_/chrome-extension_/chrome-extensi/GET.100.delaye]
[www.google.com/maps/dir/chrome-extension_/chrome-extension_/chrome-extension_/chrome-extension_/chrome-extension_/chrome-extension_/chrome-extension_/chrome-extension_/chrome-extensi/GET.101.delaye]
[www.google.com/maps/dir/chrome-extension_/chrome-extension_/chrome-extension_/chrome-extension_/chrome-extension_/chrome-extension_/chrome-extension_/chrome-extension_/chrome-extension_/index-23.html]
[www.google.com/maps/dir/chrome-extension_/chrome-extension_/chrome-extension_/chrome-extension_/chrome-extension_/chrome-extension_/chrome-extension_/chrome-extension_/chrome-extension_/index-23.html]
[www.google.com/maps/dir/chrome-extension_/chrome-extension_/chrome-extension_/chrome-extension_/chrome-extension_/chrome-extension_/chrome-extension_/chrome-extension_/chrome-extensi/GET.101.delaye]
[www.google.com/maps/dir/chrome-extension_/chrome-extension_/chrome-extension_/chrome-extension_/chrome-extension_/chrome-extension_/chrome-extension_/chrome-extension_/chrome-extensi/GET.102.delaye]
[www.google.com/maps/dir/chrome-extension_/chrome-extension_/chrome-extension_/chrome-extension_/chrome-extension_/chrome-extension_/chrome-extension_/chrome-extension_/chrome-extension_/index-24.html]
[www.google.com/maps/dir/chrome-extension_/chrome-extension_/chrome-extension_/chrome-extension_/chrome-extension_/chrome-extension_/chrome-extension_/chrome-extension_/chrome-extension_/index-24.html]
[www.google.com/maps/dir/chrome-extension_/chrome-extension_/chrome-extension_/chrome-extension_/chrome-extension_/chrome-extension_/chrome-extension_/chrome-extension_/chrome-extensi/GET.102.delaye]
[www.google.com/maps/dir/chrome-extension_/chrome-extension_/chrome-extension_/chrome-extension_/chrome-extension_/chrome-extension_/chrome-extension_/chrome-extension_/chrome-extensi/GET.103.delaye]
[www.google.com/maps/dir/chrome-extension_/chrome-extension_/chrome-extension_/chrome-extension_/chrome-extension_/chrome-extension_/chrome-extension_/chrome-extension_/chrome-extension_/index-25.html]
[www.google.com/maps/dir/chrome-extension_/chrome-extension_/chrome-extension_/chrome-extension_/chrome-extension_/chrome-extension_/chrome-extension_/chrome-extension_/chrome-extension_/index-25.html]
[www.google.com/maps/dir/chrome-extension_/chrome-extension_/chrome-extension_/chrome-extension_/chrome-extension_/chrome-extension_/chrome-extension_/chrome-extension_/chrome-extensi/GET.103.delaye]
[www.google.com/maps/dir/chrome-extension_/chrome-extension_/chrome-extension_/chrome-extension_/chrome-extension_/chrome-extension_/chrome-extension_/chrome-extension_/chrome-extension_/index-26.html]
[www.google.com/maps/dir/chrome-extension_/chrome-extension_/chrome-extension_/chrome-extension_/chrome-extension_/chrome-extension_/chrome-extension_/chrome-extension_/chrome-extension_/index-26.html]
[www.google.com/maps/dir/chrome-extension_/chrome-extension_/chrome-extension_/chrome-extension_/chrome-extension_/chrome-extension_/chrome-extension_/chrome-extension_/chrome-extensi/GET.104.delaye]
[www.google.com/maps/dir/chrome-extension_/chrome-extension_/chrome-extension_/chrome-extension_/chrome-extension_/chrome-extension_/chrome-extension_/chrome-extension_/chrome-extensi/GET.104.delaye]
[www.google.com/maps/dir/chrome-extension_/chrome-extension_/chrome-extension_/chrome-extension_/chrome-extension_/chrome-extension_/chrome-extension_/chrome-extension_/chrome-extensi/GET.105.delaye]
[www.google.com/maps/dir/chrome-extension_/chrome-extension_/chrome-extension_/chrome-extension_/chrome-extension_/chrome-extension_/chrome-extension_/chrome-extension_/chrome-extension_/index-27.html]
[www.google.com/maps/dir/chrome-extension_/chrome-extension_/chrome-extension_/chrome-extension_/chrome-extension_/chrome-extension_/chrome-extension_/chrome-extension_/chrome-extension_/index-27.html]
[www.google.com/maps/dir/chrome-extension_/chrome-extension_/chrome-extension_/chrome-extension_/chrome-extension_/chrome-extension_/chrome-extension_/chrome-extension_/chrome-extensi/GET.105.delaye]
[www.google.com/maps/dir/chrome-extension_/chrome-extension_/chrome-extension_/chrome-extension_/chrome-extension_/chrome-extension_/chrome-extension_/chrome-extension_/chrome-extensi/GET.106.delaye]
[www.google.com/maps/dir/chrome-extension_/chrome-extension_/chrome-extension_/chrome-extension_/chrome-extension_/chrome-extension_/chrome-extension_/chrome-extension_/chrome-extension_/index-28.html]
[www.google.com/maps/dir/chrome-extension_/chrome-extension_/chrome-extension_/chrome-extension_/chrome-extension_/chrome-extension_/chrome-extension_/chrome-extension_/chrome-extension_/index-28.html]
[www.google.com/maps/dir/chrome-extension_/chrome-extension_/chrome-extension_/chrome-extension_/chrome-extension_/chrome-extension_/chrome-extension_/chrome-extension_/chrome-extensi/GET.106.delaye]
[www.google.com/maps/dir/chrome-extension_/chrome-extension_/chrome-extension_/chrome-extension_/chrome-extension_/chrome-extension_/chrome-extension_/chrome-extension_/chrome-extensi/GET.107.delaye]
[www.google.com/maps/dir/chrome-extension_/chrome-extension_/chrome-extension_/chrome-extension_/chrome-extension_/chrome-extension_/chrome-extension_/chrome-extension_/chrome-extension_/index-29.html]
[www.google.com/maps/dir/chrome-extension_/chrome-extension_/chrome-extension_/chrome-extension_/chrome-extension_/chrome-extension_/chrome-extension_/chrome-extension_/chrome-extension_/index-29.html]
[www.google.com/maps/dir/chrome-extension_/chrome-extension_/chrome-extension_/chrome-extension_/chrome-extension_/chrome-extension_/chrome-extension_/chrome-extension_/chrome-extensi/GET.107.delaye]
[www.google.com/maps/dir/chrome-extension_/chrome-extension_/chrome-extension_/chrome-extension_/chrome-extension_/chrome-extension_/chrome-extension_/chrome-extension_/chrome-extension_/index-30.html]
[www.google.com/maps/dir/chrome-extension_/chrome-extension_/chrome-extension_/chrome-extension_/chrome-extension_/chrome-extension_/chrome-extension_/chrome-extension_/chrome-extension_/index-30.html]
[www.google.com/maps/dir/chrome-extension_/chrome-extension_/chrome-extension_/chrome-extension_/chrome-extension_/chrome-extension_/chrome-extension_/chrome-extension_/chrome-extensi/GET.108.delaye]
[www.google.com/maps/dir/chrome-extension_/chrome-extension_/chrome-extension_/chrome-extension_/chrome-extension_/chrome-extension_/chrome-extension_/chrome-extension_/chrome-extensi/GET.108.delaye]
[www.google.com/maps/dir/chrome-extension_/chrome-extension_/chrome-extension_/chrome-extension_/chrome-extension_/chrome-extension_/chrome-extension_/chrome-extension_/chrome-extensi/GET.109.delaye]
[www.google.com/maps/dir/chrome-extension_/chrome-extension_/chrome-extension_/chrome-extension_/chrome-extension_/chrome-extension_/chrome-extension_/chrome-extension_/chrome-extension_/index-31.html]
[www.google.com/maps/dir/chrome-extension_/chrome-extension_/chrome-extension_/chrome-extension_/chrome-extension_/chrome-extension_/chrome-extension_/chrome-extension_/chrome-extension_/index-31.html]
[www.google.com/maps/dir/chrome-extension_/chrome-extension_/chrome-extension_/chrome-extension_/chrome-extension_/chrome-extension_/chrome-extension_/chrome-extension_/chrome-extensi/GET.109.delaye]
[www.google.com/maps/dir/chrome-extension_/chrome-extension_/chrome-extension_/chrome-extension_/chrome-extension_/chrome-extension_/chrome-extension_/chrome-extension_/chrome-extension_/index-32.html]
[www.google.com/maps/dir/chrome-extension_/chrome-extension_/chrome-extension_/chrome-extension_/chrome-extension_/chrome-extension_/chrome-extension_/chrome-extension_/chrome-extension_/index-32.html]
[www.google.com/maps/dir/chrome-extension_/chrome-extension_/chrome-extension_/chrome-extension_/chrome-extension_/chrome-extension_/chrome-extension_/chrome-extension_/chrome-extensi/GET.10b.delaye]
[www.google.com/maps/dir/chrome-extension_/chrome-extension_/chrome-extension_/chrome-extension_/chrome-extension_/chrome-extension_/chrome-extension_/chrome-extension_/chrome-extensi/GET.10a.delaye]
[www.google.com/maps/dir/chrome-extension_/chrome-extension_/chrome-extension_/chrome-extension_/chrome-extension_/chrome-extension_/chrome-extension_/chrome-extension_/chrome-extensi/GET.10a.delaye]
[www.google.com/maps/dir/chrome-extension_/chrome-extension_/chrome-extension_/chrome-extension_/chrome-extension_/chrome-extension_/chrome-extension_/chrome-extension_/chrome-extension_/index-33.html]
[www.google.com/maps/dir/chrome-extension_/chrome-extension_/chrome-extension_/chrome-extension_/chrome-extension_/chrome-extension_/chrome-extension_/chrome-extension_/chrome-extension_/index-33.html]
[www.google.com/maps/dir/chrome-extension_/chrome-extension_/chrome-extension_/chrome-extension_/chrome-extension_/chrome-extension_/chrome-extension_/chrome-extension_/chrome-extensi/GET.10b.delaye]
[www.google.com/maps/dir/chrome-extension_/chrome-extension_/chrome-extension_/chrome-extension_/chrome-extension_/chrome-extension_/chrome-extension_/chrome-extension_/chrome-extension_/index-34.html]
[www.google.com/maps/dir/chrome-extension_/chrome-extension_/chrome-extension_/chrome-extension_/chrome-extension_/chrome-extension_/chrome-extension_/chrome-extension_/chrome-extension_/index-34.html]
[www.google.com/maps/dir/chrome-extension_/chrome-extension_/chrome-extension_/chrome-extension_/chrome-extension_/chrome-extension_/chrome-extension_/chrome-extension_/chrome-extensi/GET.10c.delaye]
[www.google.com/maps/dir/chrome-extension_/chrome-extension_/chrome-extension_/chrome-extension_/chrome-extension_/chrome-extension_/chrome-extension_/chrome-extension_/chrome-extensi/GET.10c.delaye]
[www.google.com/maps/dir/chrome-extension_/chrome-extension_/chrome-extension_/chrome-extension_/chrome-extension_/chrome-extension_/chrome-extension_/chrome-extension_/chrome-extension_/index-35.html]
[www.google.com/maps/dir/chrome-extension_/chrome-extension_/chrome-extension_/chrome-extension_/chrome-extension_/chrome-extension_/chrome-extension_/chrome-extension_/chrome-extension_/index-35.html]
[www.google.com/maps/dir/chrome-extension_/chrome-extension_/chrome-extension_/chrome-extension_/chrome-extension_/chrome-extension_/chrome-extension_/chrome-extension_/chrome-extensi/GET.10d.delaye]
[www.google.com/maps/dir/chrome-extension_/chrome-extension_/chrome-extension_/chrome-extension_/chrome-extension_/chrome-extension_/chrome-extension_/chrome-extension_/chrome-extensi/GET.10d.delaye]
[www.google.com/maps/dir/chrome-extension_/chrome-extension_/chrome-extension_/chrome-extension_/chrome-extension_/chrome-extension_/chrome-extension_/chrome-extension_/chrome-extension_/index-36.html]
[www.google.com/maps/dir/chrome-extension_/chrome-extension_/chrome-extension_/chrome-extension_/chrome-extension_/chrome-extension_/chrome-extension_/chrome-extension_/chrome-extension_/index-36.html]
[www.google.com/maps/dir/chrome-extension_/chrome-extension_/chrome-extension_/chrome-extension_/chrome-extension_/chrome-extension_/chrome-extension_/chrome-extension_/chrome-extensi/GET.10e.delaye]
[www.google.com/maps/dir/chrome-extension_/chrome-extension_/chrome-extension_/chrome-extension_/chrome-extension_/chrome-extension_/chrome-extension_/chrome-extension_/chrome-extensi/GET.10e.delaye]
[www.google.com/maps/dir/chrome-extension_/chrome-extension_/chrome-extension_/chrome-extension_/chrome-extension_/chrome-extension_/chrome-extension_/chrome-extension_/chrome-extensi/GET.10f.delaye]
[www.google.com/maps/dir/chrome-extension_/chrome-extension_/chrome-extension_/chrome-extension_/chrome-extension_/chrome-extension_/chrome-extension_/chrome-extension_/chrome-extension_/index-37.html]
[www.google.com/maps/dir/chrome-extension_/chrome-extension_/chrome-extension_/chrome-extension_/chrome-extension_/chrome-extension_/chrome-extension_/chrome-extension_/chrome-extension_/index-37.html]
[www.google.com/maps/dir/chrome-extension_/chrome-extension_/chrome-extension_/chrome-extension_/chrome-extension_/chrome-extension_/chrome-extension_/chrome-extension_/chrome-extensi/GET.10f.delaye]
[www.google.com/maps/dir/chrome-extension_/chrome-extension_/chrome-extension_/chrome-extension_/chrome-extension_/chrome-extension_/chrome-extension_/chrome-extension_/chrome-extension_/index-38.html]
[www.google.com/maps/dir/chrome-extension_/chrome-extension_/chrome-extension_/chrome-extension_/chrome-extension_/chrome-extension_/chrome-extension_/chrome-extension_/chrome-extension_/index-38.html]
[www.google.com/maps/dir/chrome-extension_/chrome-extension_/chrome-extension_/chrome-extension_/chrome-extension_/chrome-extension_/chrome-extension_/chrome-extension_/chrome-extensi/GET.110.delaye]
[www.google.com/maps/dir/chrome-extension_/chrome-extension_/chrome-extension_/chrome-extension_/chrome-extension_/chrome-extension_/chrome-extension_/chrome-extension_/chrome-extensi/GET.110.delaye]
[www.google.com/maps/dir/chrome-extension_/chrome-extension_/chrome-extension_/chrome-extension_/chrome-extension_/chrome-extension_/chrome-extension_/chrome-extension_/chrome-extension_/index-39.html]
[www.google.com/maps/dir/chrome-extension_/chrome-extension_/chrome-extension_/chrome-extension_/chrome-extension_/chrome-extension_/chrome-extension_/chrome-extension_/chrome-extension_/index-39.html]
[www.google.com/maps/dir/chrome-extension_/chrome-extension_/chrome-extension_/chrome-extension_/chrome-extension_/chrome-extension_/chrome-extension_/chrome-extension_/chrome-extensi/GET.111.delaye]
[www.google.com/maps/dir/chrome-extension_/chrome-extension_/chrome-extension_/chrome-extension_/chrome-extension_/chrome-extension_/chrome-extension_/chrome-extension_/chrome-extensi/GET.111.delaye]
[www.google.com/maps/dir/chrome-extension_/chrome-extension_/chrome-extension_/chrome-extension_/chrome-extension_/chrome-extension_/chrome-extension_/chrome-extension_/chrome-extensi/GET.112.delaye]
[www.google.com/maps/dir/chrome-extension_/chrome-extension_/chrome-extension_/chrome-extension_/chrome-extension_/chrome-extension_/chrome-extension_/chrome-extension_/chrome-extension_/index-40.html]
[www.google.com/maps/dir/chrome-extension_/chrome-extension_/chrome-extension_/chrome-extension_/chrome-extension_/chrome-extension_/chrome-extension_/chrome-extension_/chrome-extension_/index-40.html]
[www.google.com/maps/dir/chrome-extension_/chrome-extension_/chrome-extension_/chrome-extension_/chrome-extension_/chrome-extension_/chrome-extension_/chrome-extension_/chrome-extensi/GET.112.delaye]
[www.google.com/maps/dir/chrome-extension_/chrome-extension_/chrome-extension_/chrome-extension_/chrome-extension_/chrome-extension_/chrome-extension_/chrome-extension_/chrome-extensi/GET.113.delaye]
[www.google.com/maps/dir/chrome-extension_/chrome-extension_/chrome-extension_/chrome-extension_/chrome-extension_/chrome-extension_/chrome-extension_/chrome-extension_/chrome-extension_/index-41.html]
[www.google.com/maps/dir/chrome-extension_/chrome-extension_/chrome-extension_/chrome-extension_/chrome-extension_/chrome-extension_/chrome-extension_/chrome-extension_/chrome-extension_/index-41.html]
[www.google.com/maps/dir/chrome-extension_/chrome-extension_/chrome-extension_/chrome-extension_/chrome-extension_/chrome-extension_/chrome-extension_/chrome-extension_/chrome-extensi/GET.113.delaye]
[www.google.com/maps/dir/chrome-extension_/chrome-extension_/chrome-extension_/chrome-extension_/chrome-extension_/chrome-extension_/chrome-extension_/chrome-extension_/chrome-extensi/GET.114.delaye]
[www.google.com/maps/dir/chrome-extension_/chrome-extension_/chrome-extension_/chrome-extension_/chrome-extension_/chrome-extension_/chrome-extension_/chrome-extension_/chrome-extension_/index-42.html]
[www.google.com/maps/dir/chrome-extension_/chrome-extension_/chrome-extension_/chrome-extension_/chrome-extension_/chrome-extension_/chrome-extension_/chrome-extension_/chrome-extension_/index-42.html]
[www.google.com/maps/dir/chrome-extension_/chrome-extension_/chrome-extension_/chrome-extension_/chrome-extension_/chrome-extension_/chrome-extension_/chrome-extension_/chrome-extensi/GET.114.delaye]
[www.google.com/maps/dir/chrome-extension_/chrome-extension_/chrome-extension_/chrome-extension_/chrome-extension_/chrome-extension_/chrome-extension_/chrome-extension_/chrome-extension_/index-43.html]
[www.google.com/maps/dir/chrome-extension_/chrome-extension_/chrome-extension_/chrome-extension_/chrome-extension_/chrome-extension_/chrome-extension_/chrome-extension_/chrome-extension_/index-43.html]
[www.google.com/maps/dir/chrome-extension_/chrome-extension_/chrome-extension_/chrome-extension_/chrome-extension_/chrome-extension_/chrome-extension_/chrome-extension_/chrome-extensi/GET.116.delaye]
[www.google.com/maps/dir/chrome-extension_/chrome-extension_/chrome-extension_/chrome-extension_/chrome-extension_/chrome-extension_/chrome-extension_/chrome-extension_/chrome-extension_/index-44.html]
[www.google.com/maps/dir/chrome-extension_/chrome-extension_/chrome-extension_/chrome-extension_/chrome-extension_/chrome-extension_/chrome-extension_/chrome-extension_/chrome-extensi/GET.115.delaye]
[www.google.com/maps/dir/chrome-extension_/chrome-extension_/chrome-extension_/chrome-extension_/chrome-extension_/chrome-extension_/chrome-extension_/chrome-extension_/chrome-extensi/GET.115.delaye]
[www.google.com/maps/dir/chrome-extension_/chrome-extension_/chrome-extension_/chrome-extension_/chrome-extension_/chrome-extension_/chrome-extension_/chrome-extension_/chrome-extension_/index-44.html]
[www.google.com/maps/dir/chrome-extension_/chrome-extension_/chrome-extension_/chrome-extension_/chrome-extension_/chrome-extension_/chrome-extension_/chrome-extension_/chrome-extensi/GET.116.delaye]
[www.google.com/maps/dir/chrome-extension_/chrome-extension_/chrome-extension_/chrome-extension_/chrome-extension_/chrome-extension_/chrome-extension_/chrome-extension_/chrome-extensi/GET.117.delaye]
[www.google.com/maps/dir/chrome-extension_/chrome-extension_/chrome-extension_/chrome-extension_/chrome-extension_/chrome-extension_/chrome-extension_/chrome-extension_/chrome-extension_/index-45.html]
[www.google.com/maps/dir/chrome-extension_/chrome-extension_/chrome-extension_/chrome-extension_/chrome-extension_/chrome-extension_/chrome-extension_/chrome-extension_/chrome-extension_/index-45.html]
[www.google.com/maps/dir/chrome-extension_/chrome-extension_/chrome-extension_/chrome-extension_/chrome-extension_/chrome-extension_/chrome-extension_/chrome-extension_/chrome-extensi/GET.117.delaye]
[www.google.com/maps/dir/chrome-extension_/chrome-extension_/chrome-extension_/chrome-extension_/chrome-extension_/chrome-extension_/chrome-extension_/chrome-extension_/chrome-extensi/GET.118.delaye]
[www.google.com/maps/dir/chrome-extension_/chrome-extension_/chrome-extension_/chrome-extension_/chrome-extension_/chrome-extension_/chrome-extension_/chrome-extension_/chrome-extensi/GET.118.delaye]
